2023-08-06 03:58:48.538399 - Initialized conversion of CBT418
2023-08-06 03:58:48.733413 - Received CBT.V505.FILE418.PDS from FILE418.XMI 
2023-08-06 03:58:48.736075 - Found $$$#DATE.txt (text/plain) in CBT.V505.FILE418.PDS, moved to PDS/$$$#DATE
2023-08-06 03:58:48.737266 - Found $$DOC.txt (text/plain) in CBT.V505.FILE418.PDS, moved to PDS/$$DOC
2023-08-06 03:58:48.738374 - Found $INDEX.txt (text/plain) in CBT.V505.FILE418.PDS, moved to PDS/$INDEX
2023-08-06 03:58:48.739573 - Found @FILE418.txt (text/plain) in CBT.V505.FILE418.PDS, moved to PDS/@FILE418
2023-08-06 03:58:48.740641 - Found ACFEXPDT.txt (text/plain) in CBT.V505.FILE418.PDS, moved to PDS/ACFEXPDT
2023-08-06 03:58:48.741543 - Found ACFSCAN.txt (text/plain) in CBT.V505.FILE418.PDS, moved to PDS/ACFSCAN
2023-08-06 03:58:48.742461 - Found ACFVIOS.txt (text/plain) in CBT.V505.FILE418.PDS, moved to PDS/ACFVIOS
2023-08-06 03:58:48.743454 - Found ACFXPIRE.txt (text/plain) in CBT.V505.FILE418.PDS, moved to PDS/ACFXPIRE
2023-08-06 03:58:48.744313 - Found IEFUTL.txt (text/plain) in CBT.V505.FILE418.PDS, moved to PDS/IEFUTL
2023-08-06 03:58:48.745163 - Found IGGPRE00.txt (text/plain) in CBT.V505.FILE418.PDS, moved to PDS/IGGPRE00
2023-08-06 03:58:48.746137 - Found ISGGRNL0.txt (text/plain) in CBT.V505.FILE418.PDS, moved to PDS/ISGGRNL0
2023-08-06 03:58:48.747069 - Found IVP3480.txt (text/plain) in CBT.V505.FILE418.PDS, moved to PDS/IVP3480
2023-08-06 03:58:48.748057 - Found IVP3480J.jcl (text/plain) in CBT.V505.FILE418.PDS, moved to PDS/IVP3480J
2023-08-06 03:58:48.748952 - Found LGNPARMS.txt (text/plain) in CBT.V505.FILE418.PDS, moved to PDS/LGNPARMS
2023-08-06 03:58:48.749934 - Found LGNPXIT.txt (text/plain) in CBT.V505.FILE418.PDS, moved to PDS/LGNPXIT
2023-08-06 03:58:48.750990 - Found LIDCHK.txt (text/plain) in CBT.V505.FILE418.PDS, moved to PDS/LIDCHK
2023-08-06 03:58:48.751918 - Found MCS.txt (text/plain) in CBT.V505.FILE418.PDS, moved to PDS/MCS
2023-08-06 03:58:48.752801 - Found MCSOLD.txt (text/plain) in CBT.V505.FILE418.PDS, moved to PDS/MCSOLD
2023-08-06 03:58:48.753858 - Found MTP.txt (text/plain) in CBT.V505.FILE418.PDS, moved to PDS/MTP
2023-08-06 03:58:48.754894 - Found S000160.txt (text/plain) in CBT.V505.FILE418.PDS, moved to PDS/S000160
2023-08-06 03:58:48.755858 - Found S000180.txt (text/plain) in CBT.V505.FILE418.PDS, moved to PDS/S000180
2023-08-06 03:58:48.756749 - Found USERCFDE.txt (text/plain) in CBT.V505.FILE418.PDS, moved to PDS/USERCFDE
2023-08-06 03:58:48.757711 - Found USERLID.txt (text/plain) in CBT.V505.FILE418.PDS, moved to PDS/USERLID
2023-08-06 03:58:48.758656 - Found VLDEXIT.txt (text/plain) in CBT.V505.FILE418.PDS, moved to PDS/VLDEXIT
